<?xml version="1.0" encoding="UTF-8"?>
<testng-results skipped="0" failed="0" ignored="0" total="1" passed="1">
  <reporter-output>
  </reporter-output>
  <suite name="Suite" duration-ms="60" started-at="2018-05-11T06:31:11Z" finished-at="2018-05-11T06:31:11Z">
    <groups>
    </groups>
    <test name="Test" duration-ms="60" started-at="2018-05-11T06:31:11Z" finished-at="2018-05-11T06:31:11Z">
      <class name="mavenGroupId.mavenArtifactID.DemoforMaven">
        <test-method status="PASS" signature="testHello()[pri:0, instance:mavenGroupId.mavenArtifactID.DemoforMaven@cb5822]" name="testHello" duration-ms="13" started-at="2018-05-11T06:31:11Z" finished-at="2018-05-11T06:31:11Z">
          <reporter-output>
          </reporter-output>
        </test-method> <!-- testHello -->
      </class> <!-- mavenGroupId.mavenArtifactID.DemoforMaven -->
    </test> <!-- Test -->
  </suite> <!-- Suite -->
</testng-results>
